<?xml version="1.0" encoding="UTF-8"?>
<!-- Generated by org.testng.reporters.JUnitXMLReporter -->
<testsuite ignored="0" hostname="DESKTOP-6EVPK3P" failures="0" tests="2" name="Error Validations Test" time="15.096" errors="0" timestamp="2023-02-12T21:11:57 IST">
  <testcase classname="com.marketplace.www.Selenium_Automation.ErrorValidations" name="LoginErrorValidation" time="0.468"/>
  <testcase classname="com.marketplace.www.Selenium_Automation.ErrorValidations" name="ProductErrorValidation" time="5.375"/>
</testsuite> <!-- Error Validations Test -->
